\BOOKMARK [0][-]{chapter*.3}{\376\377\000R\000e\000s\000u\000m\000e\000n}{}% 1
\BOOKMARK [0][-]{chapter*.5}{\376\377\000A\000b\000s\000t\000r\000a\000c\000t}{}% 2
\BOOKMARK [0][-]{chapter*.7}{\376\377\000A\000g\000r\000a\000d\000e\000c\000i\000m\000i\000e\000n\000t\000o\000s}{}% 3
\BOOKMARK [0][-]{section*.8}{\376\377\000C\000o\000n\000t\000e\000n\000i\000d\000o\000s}{}% 4
\BOOKMARK [0][-]{section*.10}{\376\377\000L\000i\000s\000t\000a\000\040\000d\000e\000\040\000F\000i\000g\000u\000r\000a\000s}{}% 5
\BOOKMARK [0][-]{chapter.12}{\376\377\000I\000n\000t\000r\000o\000d\000u\000c\000c\000i\000\363\000n}{}% 6
\BOOKMARK [1][-]{section.13}{\376\377\000C\000o\000n\000t\000e\000x\000t\000o\000\040\000y\000\040\000m\000o\000t\000i\000v\000a\000c\000i\000\363\000n}{chapter.12}% 7
\BOOKMARK [1][-]{section.14}{\376\377\000O\000b\000j\000e\000t\000i\000v\000o\000s}{chapter.12}% 8
\BOOKMARK [1][-]{section.15}{\376\377\000E\000s\000t\000r\000u\000c\000t\000u\000r\000a\000\040\000d\000e\000l\000\040\000d\000o\000c\000u\000m\000e\000n\000t\000o}{chapter.12}% 9
\BOOKMARK [0][-]{chapter.16}{\376\377\000T\000e\000c\000n\000o\000l\000o\000g\000\355\000a\000s\000\040\000h\000a\000b\000i\000l\000i\000t\000a\000n\000t\000e\000s}{}% 10
\BOOKMARK [1][-]{section.17}{\376\377\000T\000e\000c\000n\000o\000l\000o\000g\000\355\000a\000s\000\040\000e\000n\000\040\000e\000l\000\040\000c\000l\000i\000e\000n\000t\000e}{chapter.16}% 11
\BOOKMARK [2][-]{subsection.18}{\376\377\000R\000e\000a\000c\000t}{section.17}% 12
\BOOKMARK [1][-]{section.19}{\376\377\000P\000r\000o\000g\000r\000e\000s\000s\000i\000v\000e\000\040\000W\000e\000b\000\040\000A\000p\000p}{chapter.16}% 13
\BOOKMARK [2][-]{subsection.20}{\376\377\000W\000e\000b\000A\000s\000s\000e\000m\000b\000l\000y}{section.19}% 14
\BOOKMARK [2][-]{subsection.21}{\376\377\000E\000x\000p\000r\000e\000s\000i\000o\000n\000e\000s\000\040\000r\000e\000g\000u\000l\000a\000r\000e\000s}{section.19}% 15
\BOOKMARK [1][-]{section.22}{\376\377\000T\000e\000c\000n\000o\000l\000o\000g\000\355\000a\000s\000\040\000e\000n\000\040\000e\000l\000\040\000s\000e\000r\000v\000i\000d\000o\000r}{chapter.16}% 16
\BOOKMARK [2][-]{subsection.23}{\376\377\000G\000N\000U\000/\000L\000i\000n\000u\000x}{section.22}% 17
\BOOKMARK [2][-]{subsection.24}{\376\377\000T\000r\000a\000e\000f\000i\000k}{section.22}% 18
\BOOKMARK [1][-]{section.25}{\376\377\000H\000e\000r\000r\000a\000m\000i\000e\000n\000t\000a\000s\000\040\000d\000e\000\040\000d\000e\000s\000a\000r\000r\000o\000l\000l\000o}{chapter.16}% 19
\BOOKMARK [2][-]{subsection.26}{\376\377\000G\000i\000t}{section.25}% 20
\BOOKMARK [2][-]{subsection.27}{\376\377\000D\000o\000c\000k\000e\000r}{section.25}% 21
\BOOKMARK [2][-]{subsection.28}{\376\377\000S\000o\000f\000t\000w\000a\000r\000e\000\040\000L\000i\000b\000r\000e}{section.25}% 22
\BOOKMARK [2][-]{subsection.38}{\376\377\000T\000e\000s\000t\000s\000\040\000u\000n\000i\000t\000a\000r\000i\000o\000s}{section.25}% 23
\BOOKMARK [0][-]{chapter.39}{\376\377\000A\000n\000\341\000l\000i\000s\000i\000s\000\040\000d\000e\000\040\000r\000e\000q\000u\000i\000s\000i\000t\000o\000s}{}% 24
\BOOKMARK [1][-]{section.40}{\376\377\000I\000n\000t\000r\000o\000d\000u\000c\000c\000i\000\363\000n}{chapter.39}% 25
\BOOKMARK [1][-]{section.42}{\376\377\000C\000a\000s\000o\000s\000\040\000d\000e\000\040\000u\000s\000o}{chapter.39}% 26
\BOOKMARK [2][-]{subsection.43}{\376\377\000A\000c\000t\000o\000r\000e\000s\000\040\000d\000e\000l\000\040\000s\000i\000s\000t\000e\000m\000a}{section.42}% 27
\BOOKMARK [2][-]{subsection.45}{\376\377\000I\000n\000s\000t\000a\000l\000a\000r\000\040\000a\000p\000l\000i\000c\000a\000c\000i\000\363\000n\000\040\000e\000n\000\040\000e\000l\000\040\000c\000l\000i\000e\000n\000t\000e}{section.42}% 28
\BOOKMARK [2][-]{subsection.49}{\376\377\000I\000m\000p\000o\000r\000t\000a\000r\000\040\000d\000a\000t\000o\000s\000\040\000e\000n\000\040\000e\000l\000\040\000s\000i\000s\000t\000e\000m\000a}{section.42}% 29
\BOOKMARK [2][-]{subsection.54}{\376\377\000V\000i\000s\000u\000a\000l\000i\000z\000a\000c\000i\000\363\000n\000\040\000d\000e\000\040\000c\000h\000a\000t\000\040\000i\000n\000d\000i\000v\000i\000d\000u\000a\000l}{section.42}% 30
\BOOKMARK [2][-]{subsection.63}{\376\377\000V\000i\000s\000u\000a\000l\000i\000z\000a\000c\000i\000\363\000n\000\040\000d\000e\000\040\000c\000h\000a\000t\000\040\000g\000r\000u\000p\000a\000l}{section.42}% 31
\BOOKMARK [2][-]{subsection.72}{\376\377\000E\000x\000p\000o\000r\000t\000a\000r\000\040\000a\000n\000a\000l\000\355\000t\000i\000c\000a\000s}{section.42}% 32
\BOOKMARK [1][-]{section.76}{\376\377\000E\000s\000p\000e\000c\000i\000f\000i\000c\000a\000c\000i\000\363\000n\000\040\000s\000u\000p\000l\000e\000m\000e\000n\000t\000a\000r\000i\000a}{chapter.39}% 33
\BOOKMARK [2][-]{subsection.77}{\376\377\000R\000e\000g\000l\000a\000s\000\040\000d\000e\000\040\000d\000o\000m\000i\000n\000i\000o}{section.76}% 34
\BOOKMARK [2][-]{subsection.78}{\376\377\000R\000e\000q\000u\000i\000s\000i\000t\000o\000s\000\040\000n\000o\000\040\000f\000u\000n\000c\000i\000o\000n\000a\000l\000e\000s}{section.76}% 35
\BOOKMARK [2][-]{subsection.79}{\376\377\000R\000e\000s\000t\000r\000i\000c\000c\000i\000o\000n\000e\000s}{section.76}% 36
\BOOKMARK [0][-]{chapter.80}{\376\377\000A\000r\000q\000u\000i\000t\000e\000c\000t\000u\000r\000a}{}% 37
\BOOKMARK [1][-]{section.81}{\376\377\000I\000n\000t\000r\000o\000d\000u\000c\000c\000i\000\363\000n}{chapter.80}% 38
\BOOKMARK [1][-]{section.83}{\376\377\000A\000r\000q\000u\000i\000t\000e\000c\000t\000u\000r\000a\000\040\000e\000n\000\040\000e\000l\000\040\000c\000l\000i\000e\000n\000t\000e}{chapter.80}% 39
\BOOKMARK [1][-]{section.85}{\376\377\000A\000r\000q\000u\000i\000t\000e\000c\000t\000u\000r\000a\000\040\000e\000n\000\040\000e\000l\000\040\000s\000e\000r\000v\000i\000d\000o\000r}{chapter.80}% 40
\BOOKMARK [1][-]{section.87}{\376\377\000A\000r\000q\000u\000i\000t\000e\000c\000t\000u\000r\000a\000\040\000d\000e\000\040\000l\000a\000\040\000a\000p\000l\000i\000c\000a\000c\000i\000\363\000n}{chapter.80}% 41
\BOOKMARK [2][-]{subsection.89}{\376\377\000I\000n\000g\000e\000s\000t\000a\000\040\000d\000e\000\040\000d\000a\000t\000o\000s}{section.87}% 42
\BOOKMARK [2][-]{subsection.109}{\376\377\000A\000g\000r\000e\000g\000a\000d\000o\000r}{section.87}% 43
\BOOKMARK [3][-]{subsubsection.116}{\376\377\000A\000g\000r\000e\000g\000a\000d\000o\000r\000\040\000p\000o\000r\000\040\000d\000\355\000a}{subsection.109}% 44
\BOOKMARK [3][-]{subsubsection.133}{\376\377\000A\000g\000r\000e\000g\000a\000d\000o\000r\000\040\000p\000o\000r\000\040\000h\000o\000r\000a}{subsection.109}% 45
\BOOKMARK [3][-]{subsubsection.150}{\376\377\000A\000g\000r\000e\000g\000a\000d\000o\000r\000\040\000p\000o\000r\000\040\000m\000e\000s}{subsection.109}% 46
\BOOKMARK [3][-]{subsubsection.165}{\376\377\000A\000g\000r\000e\000g\000a\000d\000o\000r\000\040\000p\000o\000r\000\040\000c\000o\000n\000v\000e\000r\000s\000a\000c\000i\000\363\000n}{subsection.109}% 47
\BOOKMARK [2][-]{subsection.166}{\376\377\000C\000\341\000l\000c\000u\000l\000o\000\040\000d\000e\000\040\000m\000\351\000t\000r\000i\000c\000a\000s}{section.87}% 48
\BOOKMARK [3][-]{subsubsection.167}{\376\377\000C\000o\000n\000t\000a\000d\000o\000r\000\040\000d\000e\000\040\000m\000e\000n\000s\000a\000j\000e\000s}{subsection.166}% 49
\BOOKMARK [3][-]{subsubsection.171}{\376\377\000C\000o\000n\000t\000a\000d\000o\000r\000\040\000d\000e\000\040\000p\000a\000l\000a\000b\000r\000a\000s}{subsection.166}% 50
\BOOKMARK [3][-]{subsubsection.175}{\376\377\000C\000o\000n\000t\000a\000d\000o\000r\000\040\000d\000e\000\040\000c\000a\000r\000a\000c\000t\000e\000r\000e\000s}{subsection.166}% 51
\BOOKMARK [3][-]{subsubsection.179}{\376\377\000M\000e\000d\000i\000a\000\040\000d\000e\000\040\000p\000a\000l\000a\000b\000r\000a\000s\000\040\000p\000o\000r\000\040\000m\000e\000n\000s\000a\000j\000e}{subsection.166}% 52
\BOOKMARK [3][-]{subsubsection.183}{\376\377\000M\000e\000d\000i\000a\000\040\000d\000e\000\040\000c\000a\000r\000a\000c\000t\000e\000r\000e\000s\000\040\000p\000o\000r\000\040\000m\000e\000n\000s\000a\000j\000e}{subsection.166}% 53
\BOOKMARK [3][-]{subsubsection.187}{\376\377\000N\000\372\000m\000e\000r\000o\000\040\000d\000e\000\040\000c\000o\000n\000v\000e\000r\000s\000a\000c\000i\000o\000n\000e\000s\000\040\000i\000n\000i\000c\000i\000a\000d\000a\000s}{subsection.166}% 54
\BOOKMARK [3][-]{subsubsection.191}{\376\377\000V\000e\000l\000o\000c\000i\000d\000a\000d\000\040\000m\000e\000d\000i\000a\000\040\000d\000e\000\040\000r\000e\000s\000p\000u\000e\000s\000t\000a}{subsection.166}% 55
\BOOKMARK [3][-]{subsubsection.195}{\376\377\000C\000o\000n\000t\000a\000d\000o\000r\000\040\000d\000e\000\040\000m\000u\000l\000t\000i\000m\000e\000d\000i\000a}{subsection.166}% 56
\BOOKMARK [3][-]{subsubsection.198}{\376\377\000G\000e\000n\000e\000r\000a\000d\000o\000r\000\040\000d\000e\000\040\000e\000s\000t\000r\000u\000c\000t\000u\000r\000a\000s\000\040\000d\000e\000\040\000d\000a\000t\000o\000s\000\040\000p\000o\000r\000\040\000d\000\355\000a\000,\000\040\000h\000o\000r\000a\000\040\000y\000\040\000m\000e\000s}{subsection.166}% 57
\BOOKMARK [3][-]{subsubsection.200}{\376\377\000C\000o\000n\000t\000a\000d\000o\000r\000\040\000d\000e\000\040\000p\000a\000l\000a\000b\000r\000a\000s\000\040\000m\000\341\000s\000\040\000r\000e\000p\000e\000t\000i\000d\000a\000s}{subsection.166}% 58
\BOOKMARK [3][-]{subsubsection.201}{\376\377\000C\000o\000n\000t\000a\000d\000o\000r\000\040\000d\000e\000\040\000e\000m\000o\000t\000i\000c\000o\000n\000o\000s\000\040\000m\000\341\000s\000\040\000u\000s\000a\000d\000o\000s}{subsection.166}% 59
\BOOKMARK [2][-]{subsection.205}{\376\377\000E\000x\000p\000o\000r\000t\000a\000d\000o\000r}{section.87}% 60
\BOOKMARK [3][-]{subsubsection.206}{\376\377\000D\000e\000s\000c\000a\000r\000g\000a\000r\000\040\000v\000i\000s\000u\000a\000l\000i\000z\000a\000c\000i\000o\000n\000e\000s}{subsection.205}% 61
\BOOKMARK [3][-]{subsubsection.207}{\376\377\000D\000e\000s\000c\000a\000r\000g\000a\000r\000\040\000r\000e\000s\000u\000l\000t\000a\000d\000o\000s}{subsection.205}% 62
\BOOKMARK [1][-]{section.209}{\376\377\000C\000o\000n\000c\000l\000u\000s\000i\000\363\000n}{chapter.80}% 63
\BOOKMARK [0][-]{chapter.210}{\376\377\000C\000a\000s\000o\000\040\000d\000e\000\040\000e\000s\000t\000u\000d\000i\000o}{}% 64
\BOOKMARK [1][-]{section.211}{\376\377\000I\000n\000t\000r\000o\000d\000u\000c\000c\000i\000\363\000n}{chapter.210}% 65
\BOOKMARK [1][-]{section.212}{\376\377\000I\000n\000s\000t\000a\000l\000a\000r\000\040\000a\000p\000l\000i\000c\000a\000c\000i\000\363\000n\000\040\000e\000n\000\040\000c\000l\000i\000e\000n\000t\000e}{chapter.210}% 66
\BOOKMARK [1][-]{section.217}{\376\377\000I\000m\000p\000o\000r\000t\000a\000r\000\040\000d\000a\000t\000o\000s\000\040\000e\000n\000\040\000e\000l\000\040\000s\000i\000s\000t\000e\000m\000a}{chapter.210}% 67
\BOOKMARK [1][-]{section.222}{\376\377\000V\000i\000s\000u\000a\000l\000i\000z\000a\000c\000i\000\363\000n\000\040\000d\000e\000\040\000c\000h\000a\000t\000\040\000g\000r\000u\000p\000a\000l\000\040\000e\000\040\000i\000n\000d\000i\000v\000i\000d\000u\000a\000l}{chapter.210}% 68
\BOOKMARK [2][-]{subsection.223}{\376\377\000C\000\341\000l\000c\000u\000l\000o\000\040\000d\000e\000\040\000l\000a\000s\000\040\000e\000s\000t\000a\000d\000\355\000s\000t\000i\000c\000a\000s}{section.222}% 69
\BOOKMARK [2][-]{subsection.227}{\376\377\000V\000i\000s\000u\000a\000l\000i\000z\000a\000c\000i\000\363\000n\000\040\000d\000e\000\040\000c\000h\000a\000t\000\040\000g\000r\000u\000p\000a\000l\000\040\000e\000\040\000i\000n\000d\000i\000v\000i\000d\000u\000a\000l}{section.222}% 70
\BOOKMARK [1][-]{section.235}{\376\377\000E\000x\000p\000o\000r\000t\000a\000r\000\040\000a\000n\000a\000l\000\355\000t\000i\000c\000a\000s}{chapter.210}% 71
\BOOKMARK [0][-]{chapter.239}{\376\377\000C\000o\000n\000c\000l\000u\000s\000i\000o\000n\000e\000s\000\040\000y\000\040\000f\000u\000t\000u\000r\000a\000s\000\040\000l\000\355\000n\000e\000a\000s\000\040\000d\000e\000\040\000t\000r\000a\000b\000a\000j\000o}{}% 72
\BOOKMARK [1][-]{section.240}{\376\377\000C\000o\000n\000c\000l\000u\000s\000i\000o\000n\000e\000s}{chapter.239}% 73
\BOOKMARK [1][-]{section.241}{\376\377\000O\000b\000j\000e\000t\000i\000v\000o\000s\000\040\000c\000o\000n\000s\000e\000g\000u\000i\000d\000o\000s}{chapter.239}% 74
\BOOKMARK [1][-]{section.242}{\376\377\000F\000u\000t\000u\000r\000a\000s\000\040\000l\000\355\000n\000e\000a\000s\000\040\000d\000e\000\040\000t\000r\000a\000b\000a\000j\000o}{chapter.239}% 75
\BOOKMARK [0][-]{appendix.243}{\376\377\000A\000p\000\351\000n\000d\000i\000c\000e\000\040\000I\000m\000p\000a\000c\000t\000o\000\040\000d\000e\000l\000\040\000p\000r\000o\000y\000e\000c\000t\000o}{}% 76
\BOOKMARK [1][-]{section.244}{\376\377\000I\000m\000p\000a\000c\000t\000o\000\040\000s\000o\000c\000i\000a\000l}{appendix.243}% 77
\BOOKMARK [2][-]{subsection.245}{\376\377\000I\000n\000t\000r\000o\000d\000u\000c\000c\000i\000\363\000n}{section.244}% 78
\BOOKMARK [2][-]{subsection.246}{\376\377\000D\000e\000s\000c\000r\000i\000p\000c\000i\000\363\000n\000\040\000d\000e\000\040\000i\000m\000p\000a\000c\000t\000o\000s\000\040\000r\000e\000l\000e\000v\000a\000n\000t\000e\000s\000\040\000r\000e\000l\000a\000c\000i\000o\000n\000a\000d\000o\000s\000\040\000c\000o\000n\000\040\000e\000l\000\040\000p\000r\000o\000y\000e\000c\000t\000o}{section.244}% 79
\BOOKMARK [2][-]{subsection.247}{\376\377\000C\000o\000n\000c\000l\000u\000s\000i\000o\000n\000e\000s}{section.244}% 80
\BOOKMARK [0][-]{appendix.248}{\376\377\000A\000p\000\351\000n\000d\000i\000c\000e\000\040\000P\000r\000e\000s\000u\000p\000u\000e\000s\000t\000o\000\040\000e\000c\000o\000n\000\363\000m\000i\000c\000o}{}% 81
\BOOKMARK [1][-]{section.249}{\376\377\000C\000o\000s\000t\000e\000s}{appendix.248}% 82
\BOOKMARK [0][-]{appendix.250}{\376\377\000A\000p\000\351\000n\000d\000i\000c\000e\000\040\000C\000\363\000d\000i\000g\000o}{}% 83
\BOOKMARK [1][-]{section.251}{\376\377\000A\000c\000c\000e\000s\000o\000\040\000a\000l\000\040\000c\000\363\000d\000i\000g\000o\000\040\000f\000u\000e\000n\000t\000e}{appendix.250}% 84
\BOOKMARK [1][-]{section.252}{\376\377\000V\000e\000r\000s\000i\000\363\000n\000\040\000d\000e\000\040\000e\000n\000t\000r\000e\000g\000a}{appendix.250}% 85
\BOOKMARK [0][-]{appendix.254}{\376\377\000A\000p\000\351\000n\000d\000i\000c\000e\000\040\000E\000x\000p\000r\000e\000s\000i\000o\000n\000e\000s\000\040\000r\000e\000g\000u\000l\000a\000r\000e\000s}{}% 86
\BOOKMARK [1][-]{section.257}{\376\377\000G\000r\000u\000p\000o\000s\000\040\000d\000e\000\040\000c\000a\000p\000t\000u\000r\000a}{appendix.254}% 87
\BOOKMARK [0][-]{appendix.272}{\376\377\000A\000p\000\351\000n\000d\000i\000c\000e\000\040\000F\000o\000r\000m\000a\000t\000o\000\040\000d\000e\000\040\000m\000e\000n\000s\000a\000j\000e\000s\000\040\000e\000x\000p\000o\000r\000t\000a\000d\000o\000s\000\040\000p\000o\000r\000\040\000T\000e\000l\000e\000g\000r\000a\000m}{}% 88
\BOOKMARK [0][-]{section*.314}{\376\377\000B\000i\000b\000l\000i\000o\000g\000r\000a\000p\000h\000y}{}% 89
